<?xml version="1.0" encoding="UTF-8"?>
<!-- Generated by org.testng.reporters.JUnitReportReporter -->
<testsuite hostname="DT37572" failures="0" tests="1" name="com.liverpool.test.login.Story3_TC1" time="16.075" errors="0" timestamp="3 Sep 2021 20:46:00 GMT">
  <testcase classname="com.liverpool.test.login.Story3_TC1" name="CreateAccount" time="16.075"/>
</testsuite> <!-- com.liverpool.test.login.Story3_TC1 -->
